<?xml version="1.0" encoding="UTF-8"?>
<!-- Generated by org.testng.reporters.JUnitReportReporter -->
<testsuite skipped="0" hostname="DESKTOP-T4027FS" name="com.testing.GetcallValidation" tests="1" failures="0" timestamp="09 Mar 2022 09:07:20 GMT" time="5.244" errors="0">
  <testcase name="getReg" time="5.244" classname="com.testing.GetcallValidation"/>
</testsuite> <!-- com.testing.GetcallValidation -->
